<?xml version="1.0" encoding="UTF-8"?>
<!-- Generated by org.testng.reporters.JUnitReportReporter -->
<testsuite hostname="AMX-RL-20-608-W" failures="0" tests="1" name="icivics_testcases.Icivics_EducatorRegistration4_Test" time="41.440" errors="0" timestamp="2022-05-13T17:29:41 IST" skipped="0">
  <testcase classname="icivics_testcases.Icivics_EducatorRegistration4_Test" name="C371_verifyvalidsubmission" time="41.440"/>
  <system-out/>
</testsuite> <!-- icivics_testcases.Icivics_EducatorRegistration4_Test -->
